[INFO  Sun Jan  9 21:16:05 2022] ...-installer/lua/nvim-lsp-installer/ui/status-win/init.lua:664: Starting install server_name="clangd", requested_version=""
[ERROR Sun Jan  9 21:16:05 2022] ...pt/nvim-lsp-installer/lua/nvim-lsp-installer/process.lua:153: Failed to spawn process. cmd="gh", err="ENOENT: no such file or directory"
[INFO  Sun Jan  9 21:16:05 2022] ...-installer/lua/nvim-lsp-installer/ui/status-win/init.lua:664: Starting install server_name="gopls", requested_version=""
[INFO  Sun Jan  9 21:16:05 2022] ...-installer/lua/nvim-lsp-installer/ui/status-win/init.lua:664: Starting install server_name="sumneko_lua", requested_version=""
[ERROR Sun Jan  9 21:16:05 2022] ...pt/nvim-lsp-installer/lua/nvim-lsp-installer/process.lua:153: Failed to spawn process. cmd="gh", err="ENOENT: no such file or directory"
[INFO  Sun Jan  9 21:16:05 2022] ...-installer/lua/nvim-lsp-installer/ui/status-win/init.lua:683: Installation completed server_name="gopls", success=false
[INFO  Sun Jan  9 21:16:21 2022] ...-installer/lua/nvim-lsp-installer/ui/status-win/init.lua:683: Installation completed server_name="clangd", success=true
[INFO  Sun Jan  9 21:16:25 2022] ...-installer/lua/nvim-lsp-installer/ui/status-win/init.lua:683: Installation completed server_name="sumneko_lua", success=true
[INFO  Sun Jan  9 21:17:49 2022] ...-installer/lua/nvim-lsp-installer/ui/status-win/init.lua:664: Starting install server_name="gopls", requested_version=""
[INFO  Sun Jan  9 21:17:49 2022] ...-installer/lua/nvim-lsp-installer/ui/status-win/init.lua:683: Installation completed server_name="gopls", success=false
[INFO  Sun Jan  9 21:18:05 2022] ...-installer/lua/nvim-lsp-installer/ui/status-win/init.lua:664: Starting install server_name="gopls", requested_version=""
[INFO  Sun Jan  9 21:18:06 2022] ...-installer/lua/nvim-lsp-installer/ui/status-win/init.lua:683: Installation completed server_name="gopls", success=false
[INFO  Sun Jan  9 21:18:10 2022] ...-installer/lua/nvim-lsp-installer/ui/status-win/init.lua:664: Starting install server_name="gopls", requested_version=""
[INFO  Sun Jan  9 21:18:11 2022] ...-installer/lua/nvim-lsp-installer/ui/status-win/init.lua:683: Installation completed server_name="gopls", success=false
[INFO  Sun Jan  9 21:18:27 2022] ...-installer/lua/nvim-lsp-installer/ui/status-win/init.lua:664: Starting install server_name="gopls", requested_version=""
[INFO  Sun Jan  9 21:18:28 2022] ...-installer/lua/nvim-lsp-installer/ui/status-win/init.lua:683: Installation completed server_name="gopls", success=false
[INFO  Sun Jan  9 21:18:30 2022] ...-installer/lua/nvim-lsp-installer/ui/status-win/init.lua:664: Starting install server_name="gopls", requested_version=""
[INFO  Sun Jan  9 21:18:32 2022] ...-installer/lua/nvim-lsp-installer/ui/status-win/init.lua:683: Installation completed server_name="gopls", success=false
[INFO  Sun Jan  9 21:18:47 2022] ...-installer/lua/nvim-lsp-installer/ui/status-win/init.lua:664: Starting install server_name="gopls", requested_version=""
[INFO  Sun Jan  9 21:18:47 2022] ...-installer/lua/nvim-lsp-installer/ui/status-win/init.lua:683: Installation completed server_name="gopls", success=false
[INFO  Sun Jan  9 21:22:02 2022] ...-installer/lua/nvim-lsp-installer/ui/status-win/init.lua:664: Starting install server_name="gopls", requested_version=""
[INFO  Sun Jan  9 21:22:04 2022] ...-installer/lua/nvim-lsp-installer/ui/status-win/init.lua:683: Installation completed server_name="gopls", success=false
[INFO  Sun Jan  9 21:22:20 2022] ...-installer/lua/nvim-lsp-installer/ui/status-win/init.lua:664: Starting install server_name="gopls", requested_version=""
[INFO  Sun Jan  9 21:22:20 2022] ...-installer/lua/nvim-lsp-installer/ui/status-win/init.lua:683: Installation completed server_name="gopls", success=false
[INFO  Sun Jan  9 21:22:28 2022] ...-installer/lua/nvim-lsp-installer/ui/status-win/init.lua:664: Starting install server_name="gopls", requested_version=""
[INFO  Sun Jan  9 21:22:28 2022] ...-installer/lua/nvim-lsp-installer/ui/status-win/init.lua:683: Installation completed server_name="gopls", success=false
[INFO  Sun Jan  9 21:26:33 2022] ...-installer/lua/nvim-lsp-installer/ui/status-win/init.lua:664: Starting install server_name="gopls", requested_version=""
[INFO  Sun Jan  9 21:26:33 2022] ...-installer/lua/nvim-lsp-installer/ui/status-win/init.lua:683: Installation completed server_name="gopls", success=false
[INFO  Sun Jan  9 21:27:10 2022] ...-installer/lua/nvim-lsp-installer/ui/status-win/init.lua:664: Starting install server_name="gopls", requested_version=""
[INFO  Sun Jan  9 21:27:10 2022] ...-installer/lua/nvim-lsp-installer/ui/status-win/init.lua:683: Installation completed server_name="gopls", success=false
[INFO  Sun Jan  9 21:28:27 2022] ...-installer/lua/nvim-lsp-installer/ui/status-win/init.lua:664: Starting install server_name="gopls", requested_version=""
[INFO  Sun Jan  9 21:28:27 2022] ...-installer/lua/nvim-lsp-installer/ui/status-win/init.lua:683: Installation completed server_name="gopls", success=false
[INFO  Sun Jan  9 21:32:42 2022] ...-installer/lua/nvim-lsp-installer/ui/status-win/init.lua:664: Starting install server_name="gopls", requested_version=""
[INFO  Sun Jan  9 21:32:43 2022] ...-installer/lua/nvim-lsp-installer/ui/status-win/init.lua:683: Installation completed server_name="gopls", success=false
[INFO  Sun Jan  9 21:33:21 2022] ...-installer/lua/nvim-lsp-installer/ui/status-win/init.lua:664: Starting install server_name="gopls", requested_version=""
[INFO  Sun Jan  9 21:33:21 2022] ...-installer/lua/nvim-lsp-installer/ui/status-win/init.lua:683: Installation completed server_name="gopls", success=false
[INFO  Sun Jan  9 21:33:23 2022] ...-installer/lua/nvim-lsp-installer/ui/status-win/init.lua:664: Starting install server_name="gopls", requested_version=""
[INFO  Sun Jan  9 21:33:24 2022] ...-installer/lua/nvim-lsp-installer/ui/status-win/init.lua:683: Installation completed server_name="gopls", success=false
[INFO  Sun Jan  9 21:33:54 2022] ...-installer/lua/nvim-lsp-installer/ui/status-win/init.lua:664: Starting install server_name="gopls", requested_version=""
[INFO  Sun Jan  9 21:33:54 2022] ...-installer/lua/nvim-lsp-installer/ui/status-win/init.lua:683: Installation completed server_name="gopls", success=false
[INFO  Sun Jan  9 21:35:49 2022] ...-installer/lua/nvim-lsp-installer/ui/status-win/init.lua:664: Starting install server_name="gopls", requested_version=""
[INFO  Sun Jan  9 21:35:49 2022] ...-installer/lua/nvim-lsp-installer/ui/status-win/init.lua:683: Installation completed server_name="gopls", success=false
[INFO  Sun Jan  9 21:36:07 2022] ...-installer/lua/nvim-lsp-installer/ui/status-win/init.lua:664: Starting install server_name="gopls", requested_version=""
[INFO  Sun Jan  9 21:36:07 2022] ...-installer/lua/nvim-lsp-installer/ui/status-win/init.lua:683: Installation completed server_name="gopls", success=false
[INFO  Sun Jan  9 21:36:35 2022] ...-installer/lua/nvim-lsp-installer/ui/status-win/init.lua:664: Starting install server_name="gopls", requested_version=""
[INFO  Sun Jan  9 21:36:35 2022] ...-installer/lua/nvim-lsp-installer/ui/status-win/init.lua:683: Installation completed server_name="gopls", success=false
[INFO  Sun Jan  9 21:37:12 2022] ...-installer/lua/nvim-lsp-installer/ui/status-win/init.lua:664: Starting install server_name="gopls", requested_version=""
[INFO  Sun Jan  9 21:37:13 2022] ...-installer/lua/nvim-lsp-installer/ui/status-win/init.lua:683: Installation completed server_name="gopls", success=false
[INFO  Sun Jan  9 21:37:20 2022] ...-installer/lua/nvim-lsp-installer/ui/status-win/init.lua:664: Starting install server_name="gopls", requested_version=""
[INFO  Sun Jan  9 21:37:21 2022] ...-installer/lua/nvim-lsp-installer/ui/status-win/init.lua:683: Installation completed server_name="gopls", success=false
[INFO  Sun Jan  9 21:37:27 2022] ...-installer/lua/nvim-lsp-installer/ui/status-win/init.lua:664: Starting install server_name="gopls", requested_version=""
[INFO  Sun Jan  9 21:37:27 2022] ...-installer/lua/nvim-lsp-installer/ui/status-win/init.lua:683: Installation completed server_name="gopls", success=false
[INFO  Sun Jan  9 21:37:44 2022] ...-installer/lua/nvim-lsp-installer/ui/status-win/init.lua:664: Starting install server_name="gopls", requested_version=""
[INFO  Sun Jan  9 21:37:45 2022] ...-installer/lua/nvim-lsp-installer/ui/status-win/init.lua:683: Installation completed server_name="gopls", success=false
[INFO  Sun Jan  9 21:37:52 2022] ...-installer/lua/nvim-lsp-installer/ui/status-win/init.lua:664: Starting install server_name="gopls", requested_version=""
[INFO  Sun Jan  9 21:37:53 2022] ...-installer/lua/nvim-lsp-installer/ui/status-win/init.lua:683: Installation completed server_name="gopls", success=false
[INFO  Sun Jan  9 21:38:38 2022] ...-installer/lua/nvim-lsp-installer/ui/status-win/init.lua:664: Starting install server_name="gopls", requested_version=""
[INFO  Sun Jan  9 21:38:39 2022] ...-installer/lua/nvim-lsp-installer/ui/status-win/init.lua:683: Installation completed server_name="gopls", success=false
[INFO  Sun Jan  9 21:39:51 2022] ...-installer/lua/nvim-lsp-installer/ui/status-win/init.lua:664: Starting install server_name="gopls", requested_version=""
[INFO  Sun Jan  9 21:39:53 2022] ...-installer/lua/nvim-lsp-installer/ui/status-win/init.lua:683: Installation completed server_name="gopls", success=false
[INFO  Sun Jan  9 21:40:18 2022] ...-installer/lua/nvim-lsp-installer/ui/status-win/init.lua:664: Starting install server_name="gopls", requested_version=""
[INFO  Sun Jan  9 21:40:19 2022] ...-installer/lua/nvim-lsp-installer/ui/status-win/init.lua:683: Installation completed server_name="gopls", success=false
[INFO  Sun Jan  9 21:44:10 2022] ...-installer/lua/nvim-lsp-installer/ui/status-win/init.lua:664: Starting install server_name="gopls", requested_version=""
[INFO  Sun Jan  9 21:44:11 2022] ...-installer/lua/nvim-lsp-installer/ui/status-win/init.lua:683: Installation completed server_name="gopls", success=false
[INFO  Sun Jan  9 21:44:19 2022] ...-installer/lua/nvim-lsp-installer/ui/status-win/init.lua:664: Starting install server_name="gopls", requested_version=""
[INFO  Sun Jan  9 21:44:20 2022] ...-installer/lua/nvim-lsp-installer/ui/status-win/init.lua:683: Installation completed server_name="gopls", success=false
[INFO  Sun Jan  9 21:44:29 2022] ...-installer/lua/nvim-lsp-installer/ui/status-win/init.lua:664: Starting install server_name="gopls", requested_version=""
[INFO  Sun Jan  9 21:44:29 2022] ...-installer/lua/nvim-lsp-installer/ui/status-win/init.lua:683: Installation completed server_name="gopls", success=false
[INFO  Sun Jan  9 21:44:39 2022] ...-installer/lua/nvim-lsp-installer/ui/status-win/init.lua:664: Starting install server_name="gopls", requested_version=""
[INFO  Sun Jan  9 21:44:40 2022] ...-installer/lua/nvim-lsp-installer/ui/status-win/init.lua:683: Installation completed server_name="gopls", success=false
[INFO  Sun Jan  9 21:52:00 2022] ...-installer/lua/nvim-lsp-installer/ui/status-win/init.lua:664: Starting install server_name="gopls", requested_version=""
[INFO  Sun Jan  9 21:52:00 2022] ...-installer/lua/nvim-lsp-installer/ui/status-win/init.lua:683: Installation completed server_name="gopls", success=false
[INFO  Sun Jan  9 21:53:57 2022] ...-installer/lua/nvim-lsp-installer/ui/status-win/init.lua:664: Starting install server_name="gopls", requested_version=""
[INFO  Sun Jan  9 21:53:57 2022] ...-installer/lua/nvim-lsp-installer/ui/status-win/init.lua:683: Installation completed server_name="gopls", success=false
[INFO  Sun Jan  9 21:54:29 2022] ...-installer/lua/nvim-lsp-installer/ui/status-win/init.lua:664: Starting install server_name="gopls", requested_version=""
[INFO  Sun Jan  9 21:54:29 2022] ...-installer/lua/nvim-lsp-installer/ui/status-win/init.lua:683: Installation completed server_name="gopls", success=false
[INFO  Sun Jan  9 21:55:00 2022] ...-installer/lua/nvim-lsp-installer/ui/status-win/init.lua:664: Starting install server_name="gopls", requested_version=""
[INFO  Sun Jan  9 21:55:01 2022] ...-installer/lua/nvim-lsp-installer/ui/status-win/init.lua:683: Installation completed server_name="gopls", success=false
[INFO  Sun Jan  9 21:56:23 2022] ...-installer/lua/nvim-lsp-installer/ui/status-win/init.lua:664: Starting install server_name="gopls", requested_version=""
[INFO  Sun Jan  9 21:56:23 2022] ...-installer/lua/nvim-lsp-installer/ui/status-win/init.lua:683: Installation completed server_name="gopls", success=false
[INFO  Sun Jan  9 21:57:51 2022] ...-installer/lua/nvim-lsp-installer/ui/status-win/init.lua:664: Starting install server_name="gopls", requested_version=""
[INFO  Sun Jan  9 21:57:52 2022] ...-installer/lua/nvim-lsp-installer/ui/status-win/init.lua:683: Installation completed server_name="gopls", success=false
[INFO  Sun Jan  9 21:58:10 2022] ...-installer/lua/nvim-lsp-installer/ui/status-win/init.lua:664: Starting install server_name="gopls", requested_version=""
[INFO  Sun Jan  9 21:58:10 2022] ...-installer/lua/nvim-lsp-installer/ui/status-win/init.lua:683: Installation completed server_name="gopls", success=false
[INFO  Sun Jan  9 22:06:43 2022] ...-installer/lua/nvim-lsp-installer/ui/status-win/init.lua:664: Starting install server_name="gopls", requested_version=""
[INFO  Sun Jan  9 22:06:43 2022] ...-installer/lua/nvim-lsp-installer/ui/status-win/init.lua:683: Installation completed server_name="gopls", success=false
[INFO  Sun Jan  9 22:08:04 2022] ...-installer/lua/nvim-lsp-installer/ui/status-win/init.lua:664: Starting install server_name="gopls", requested_version=""
[INFO  Sun Jan  9 22:08:05 2022] ...-installer/lua/nvim-lsp-installer/ui/status-win/init.lua:683: Installation completed server_name="gopls", success=false
[INFO  Sun Jan  9 22:08:34 2022] ...-installer/lua/nvim-lsp-installer/ui/status-win/init.lua:664: Starting install server_name="gopls", requested_version=""
[INFO  Sun Jan  9 22:08:34 2022] ...-installer/lua/nvim-lsp-installer/ui/status-win/init.lua:683: Installation completed server_name="gopls", success=false
[INFO  Sun Jan  9 22:08:45 2022] ...-installer/lua/nvim-lsp-installer/ui/status-win/init.lua:664: Starting install server_name="gopls", requested_version=""
[INFO  Sun Jan  9 22:08:45 2022] ...-installer/lua/nvim-lsp-installer/ui/status-win/init.lua:683: Installation completed server_name="gopls", success=false
[INFO  Sun Jan  9 22:09:18 2022] ...-installer/lua/nvim-lsp-installer/ui/status-win/init.lua:664: Starting install server_name="gopls", requested_version=""
[INFO  Sun Jan  9 22:09:18 2022] ...-installer/lua/nvim-lsp-installer/ui/status-win/init.lua:683: Installation completed server_name="gopls", success=false
[INFO  Sun Jan  9 22:09:41 2022] ...-installer/lua/nvim-lsp-installer/ui/status-win/init.lua:664: Starting install server_name="gopls", requested_version=""
[INFO  Sun Jan  9 22:09:41 2022] ...-installer/lua/nvim-lsp-installer/ui/status-win/init.lua:683: Installation completed server_name="gopls", success=false
[INFO  Sun Jan  9 22:09:47 2022] ...-installer/lua/nvim-lsp-installer/ui/status-win/init.lua:664: Starting install server_name="gopls", requested_version=""
[INFO  Sun Jan  9 22:09:47 2022] ...-installer/lua/nvim-lsp-installer/ui/status-win/init.lua:683: Installation completed server_name="gopls", success=false
[INFO  Sun Jan  9 22:11:40 2022] ...-installer/lua/nvim-lsp-installer/ui/status-win/init.lua:664: Starting install server_name="gopls", requested_version=""
[INFO  Sun Jan  9 22:11:41 2022] ...-installer/lua/nvim-lsp-installer/ui/status-win/init.lua:683: Installation completed server_name="gopls", success=false
[INFO  Sun Jan  9 22:12:19 2022] ...-installer/lua/nvim-lsp-installer/ui/status-win/init.lua:664: Starting install server_name="gopls", requested_version=""
[INFO  Sun Jan  9 22:12:19 2022] ...-installer/lua/nvim-lsp-installer/ui/status-win/init.lua:683: Installation completed server_name="gopls", success=false
[INFO  Sun Jan  9 22:12:30 2022] ...-installer/lua/nvim-lsp-installer/ui/status-win/init.lua:664: Starting install server_name="gopls", requested_version=""
[INFO  Sun Jan  9 22:12:30 2022] ...-installer/lua/nvim-lsp-installer/ui/status-win/init.lua:683: Installation completed server_name="gopls", success=false
[INFO  Sun Jan  9 22:13:09 2022] ...-installer/lua/nvim-lsp-installer/ui/status-win/init.lua:664: Starting install server_name="gopls", requested_version=""
[INFO  Sun Jan  9 22:13:09 2022] ...-installer/lua/nvim-lsp-installer/ui/status-win/init.lua:683: Installation completed server_name="gopls", success=false
[INFO  Sun Jan  9 22:13:25 2022] ...-installer/lua/nvim-lsp-installer/ui/status-win/init.lua:664: Starting install server_name="gopls", requested_version=""
[INFO  Sun Jan  9 22:13:25 2022] ...-installer/lua/nvim-lsp-installer/ui/status-win/init.lua:683: Installation completed server_name="gopls", success=false
[INFO  Sun Jan  9 22:19:03 2022] ...-installer/lua/nvim-lsp-installer/ui/status-win/init.lua:664: Starting install server_name="gopls", requested_version=""
[INFO  Sun Jan  9 22:19:03 2022] ...-installer/lua/nvim-lsp-installer/ui/status-win/init.lua:683: Installation completed server_name="gopls", success=false
[INFO  Sun Jan  9 22:19:08 2022] ...-installer/lua/nvim-lsp-installer/ui/status-win/init.lua:664: Starting install server_name="gopls", requested_version=""
[INFO  Sun Jan  9 22:19:08 2022] ...-installer/lua/nvim-lsp-installer/ui/status-win/init.lua:683: Installation completed server_name="gopls", success=false
[INFO  Sun Jan  9 22:19:48 2022] ...-installer/lua/nvim-lsp-installer/ui/status-win/init.lua:664: Starting install server_name="gopls", requested_version=""
[INFO  Sun Jan  9 22:19:48 2022] ...-installer/lua/nvim-lsp-installer/ui/status-win/init.lua:683: Installation completed server_name="gopls", success=false
[INFO  Sun Jan  9 22:20:12 2022] ...-installer/lua/nvim-lsp-installer/ui/status-win/init.lua:664: Starting install server_name="gopls", requested_version=""
[INFO  Sun Jan  9 22:20:13 2022] ...-installer/lua/nvim-lsp-installer/ui/status-win/init.lua:683: Installation completed server_name="gopls", success=false
[INFO  Sun Jan  9 22:20:27 2022] ...-installer/lua/nvim-lsp-installer/ui/status-win/init.lua:664: Starting install server_name="gopls", requested_version=""
[INFO  Sun Jan  9 22:20:27 2022] ...-installer/lua/nvim-lsp-installer/ui/status-win/init.lua:683: Installation completed server_name="gopls", success=false
[INFO  Sun Jan  9 22:21:19 2022] ...-installer/lua/nvim-lsp-installer/ui/status-win/init.lua:664: Starting install server_name="gopls", requested_version=""
[INFO  Sun Jan  9 22:21:20 2022] ...-installer/lua/nvim-lsp-installer/ui/status-win/init.lua:683: Installation completed server_name="gopls", success=false
[INFO  Sun Jan  9 22:22:23 2022] ...-installer/lua/nvim-lsp-installer/ui/status-win/init.lua:664: Starting install server_name="gopls", requested_version=""
[INFO  Sun Jan  9 22:22:23 2022] ...-installer/lua/nvim-lsp-installer/ui/status-win/init.lua:683: Installation completed server_name="gopls", success=false
[INFO  Sun Jan  9 22:23:08 2022] ...-installer/lua/nvim-lsp-installer/ui/status-win/init.lua:664: Starting install server_name="gopls", requested_version=""
[INFO  Sun Jan  9 22:23:08 2022] ...-installer/lua/nvim-lsp-installer/ui/status-win/init.lua:683: Installation completed server_name="gopls", success=false
[INFO  Sun Jan  9 22:24:20 2022] ...-installer/lua/nvim-lsp-installer/ui/status-win/init.lua:664: Starting install server_name="gopls", requested_version=""
[INFO  Sun Jan  9 22:24:20 2022] ...-installer/lua/nvim-lsp-installer/ui/status-win/init.lua:683: Installation completed server_name="gopls", success=false
[INFO  Sun Jan  9 22:24:52 2022] ...-installer/lua/nvim-lsp-installer/ui/status-win/init.lua:664: Starting install server_name="gopls", requested_version=""
[INFO  Sun Jan  9 22:24:53 2022] ...-installer/lua/nvim-lsp-installer/ui/status-win/init.lua:683: Installation completed server_name="gopls", success=false
[INFO  Sun Jan  9 22:25:11 2022] ...-installer/lua/nvim-lsp-installer/ui/status-win/init.lua:664: Starting install server_name="gopls", requested_version=""
[INFO  Sun Jan  9 22:25:11 2022] ...-installer/lua/nvim-lsp-installer/ui/status-win/init.lua:683: Installation completed server_name="gopls", success=false
[INFO  Sun Jan  9 22:25:22 2022] ...-installer/lua/nvim-lsp-installer/ui/status-win/init.lua:664: Starting install server_name="gopls", requested_version=""
[INFO  Sun Jan  9 22:25:22 2022] ...-installer/lua/nvim-lsp-installer/ui/status-win/init.lua:683: Installation completed server_name="gopls", success=false
[INFO  Sun Jan  9 22:26:06 2022] ...-installer/lua/nvim-lsp-installer/ui/status-win/init.lua:664: Starting install server_name="gopls", requested_version=""
[INFO  Sun Jan  9 22:26:07 2022] ...-installer/lua/nvim-lsp-installer/ui/status-win/init.lua:683: Installation completed server_name="gopls", success=false
[INFO  Sun Jan  9 22:26:21 2022] ...-installer/lua/nvim-lsp-installer/ui/status-win/init.lua:664: Starting install server_name="gopls", requested_version=""
[INFO  Sun Jan  9 22:26:22 2022] ...-installer/lua/nvim-lsp-installer/ui/status-win/init.lua:683: Installation completed server_name="gopls", success=false
[INFO  Sun Jan  9 22:26:29 2022] ...-installer/lua/nvim-lsp-installer/ui/status-win/init.lua:664: Starting install server_name="gopls", requested_version=""
[INFO  Sun Jan  9 22:26:30 2022] ...-installer/lua/nvim-lsp-installer/ui/status-win/init.lua:683: Installation completed server_name="gopls", success=false
[INFO  Sun Jan  9 22:26:42 2022] ...-installer/lua/nvim-lsp-installer/ui/status-win/init.lua:664: Starting install server_name="gopls", requested_version=""
[INFO  Sun Jan  9 22:26:42 2022] ...-installer/lua/nvim-lsp-installer/ui/status-win/init.lua:683: Installation completed server_name="gopls", success=false
[INFO  Sun Jan  9 22:26:51 2022] ...-installer/lua/nvim-lsp-installer/ui/status-win/init.lua:664: Starting install server_name="gopls", requested_version=""
[INFO  Sun Jan  9 22:26:51 2022] ...-installer/lua/nvim-lsp-installer/ui/status-win/init.lua:683: Installation completed server_name="gopls", success=false
[INFO  Sun Jan  9 22:26:59 2022] ...-installer/lua/nvim-lsp-installer/ui/status-win/init.lua:664: Starting install server_name="gopls", requested_version=""
[INFO  Sun Jan  9 22:26:59 2022] ...-installer/lua/nvim-lsp-installer/ui/status-win/init.lua:683: Installation completed server_name="gopls", success=false
[INFO  Sun Jan  9 22:31:08 2022] ...-installer/lua/nvim-lsp-installer/ui/status-win/init.lua:664: Starting install server_name="gopls", requested_version=""
[INFO  Sun Jan  9 22:31:09 2022] ...-installer/lua/nvim-lsp-installer/ui/status-win/init.lua:683: Installation completed server_name="gopls", success=false
[INFO  Sun Jan  9 22:32:07 2022] ...-installer/lua/nvim-lsp-installer/ui/status-win/init.lua:664: Starting install server_name="gopls", requested_version=""
[INFO  Sun Jan  9 22:32:08 2022] ...-installer/lua/nvim-lsp-installer/ui/status-win/init.lua:683: Installation completed server_name="gopls", success=false
[INFO  Sun Jan  9 22:32:41 2022] ...-installer/lua/nvim-lsp-installer/ui/status-win/init.lua:664: Starting install server_name="gopls", requested_version=""
[INFO  Sun Jan  9 22:32:42 2022] ...-installer/lua/nvim-lsp-installer/ui/status-win/init.lua:683: Installation completed server_name="gopls", success=false
[INFO  Sun Jan  9 22:33:27 2022] ...-installer/lua/nvim-lsp-installer/ui/status-win/init.lua:664: Starting install server_name="gopls", requested_version=""
[INFO  Sun Jan  9 22:33:27 2022] ...-installer/lua/nvim-lsp-installer/ui/status-win/init.lua:683: Installation completed server_name="gopls", success=false
[INFO  Sun Jan  9 22:33:50 2022] ...-installer/lua/nvim-lsp-installer/ui/status-win/init.lua:664: Starting install server_name="gopls", requested_version=""
[INFO  Sun Jan  9 22:33:50 2022] ...-installer/lua/nvim-lsp-installer/ui/status-win/init.lua:683: Installation completed server_name="gopls", success=false
[INFO  Sun Jan  9 22:34:02 2022] ...-installer/lua/nvim-lsp-installer/ui/status-win/init.lua:664: Starting install server_name="gopls", requested_version=""
[INFO  Sun Jan  9 22:34:02 2022] ...-installer/lua/nvim-lsp-installer/ui/status-win/init.lua:683: Installation completed server_name="gopls", success=false
[INFO  Sun Jan  9 22:34:07 2022] ...-installer/lua/nvim-lsp-installer/ui/status-win/init.lua:664: Starting install server_name="gopls", requested_version=""
[INFO  Sun Jan  9 22:34:07 2022] ...-installer/lua/nvim-lsp-installer/ui/status-win/init.lua:683: Installation completed server_name="gopls", success=false
[INFO  Sun Jan  9 22:34:37 2022] ...-installer/lua/nvim-lsp-installer/ui/status-win/init.lua:664: Starting install server_name="gopls", requested_version=""
[INFO  Sun Jan  9 22:34:37 2022] ...-installer/lua/nvim-lsp-installer/ui/status-win/init.lua:683: Installation completed server_name="gopls", success=false
[INFO  Sun Jan  9 22:35:09 2022] ...-installer/lua/nvim-lsp-installer/ui/status-win/init.lua:664: Starting install server_name="gopls", requested_version=""
[INFO  Sun Jan  9 22:35:09 2022] ...-installer/lua/nvim-lsp-installer/ui/status-win/init.lua:683: Installation completed server_name="gopls", success=false
[INFO  Sun Jan  9 22:35:19 2022] ...-installer/lua/nvim-lsp-installer/ui/status-win/init.lua:664: Starting install server_name="gopls", requested_version=""
[INFO  Sun Jan  9 22:35:19 2022] ...-installer/lua/nvim-lsp-installer/ui/status-win/init.lua:683: Installation completed server_name="gopls", success=false
[INFO  Sun Jan  9 22:35:28 2022] ...-installer/lua/nvim-lsp-installer/ui/status-win/init.lua:664: Starting install server_name="gopls", requested_version=""
[INFO  Sun Jan  9 22:35:28 2022] ...-installer/lua/nvim-lsp-installer/ui/status-win/init.lua:683: Installation completed server_name="gopls", success=false
[INFO  Sun Jan  9 22:52:24 2022] ...-installer/lua/nvim-lsp-installer/ui/status-win/init.lua:664: Starting install server_name="gopls", requested_version=""
[INFO  Sun Jan  9 22:52:24 2022] ...-installer/lua/nvim-lsp-installer/ui/status-win/init.lua:683: Installation completed server_name="gopls", success=false
[INFO  Sun Jan  9 23:08:10 2022] ...-installer/lua/nvim-lsp-installer/ui/status-win/init.lua:664: Starting install server_name="gopls", requested_version=""
[INFO  Sun Jan  9 23:08:10 2022] ...-installer/lua/nvim-lsp-installer/ui/status-win/init.lua:683: Installation completed server_name="gopls", success=false
[INFO  Sun Jan  9 23:10:24 2022] ...-installer/lua/nvim-lsp-installer/ui/status-win/init.lua:664: Starting install server_name="gopls", requested_version=""
[INFO  Sun Jan  9 23:10:25 2022] ...-installer/lua/nvim-lsp-installer/ui/status-win/init.lua:683: Installation completed server_name="gopls", success=false
[INFO  Sun Jan  9 23:11:23 2022] ...-installer/lua/nvim-lsp-installer/ui/status-win/init.lua:664: Starting install server_name="gopls", requested_version=""
[INFO  Sun Jan  9 23:11:24 2022] ...-installer/lua/nvim-lsp-installer/ui/status-win/init.lua:683: Installation completed server_name="gopls", success=false
[INFO  Sun Jan  9 23:12:36 2022] ...-installer/lua/nvim-lsp-installer/ui/status-win/init.lua:664: Starting install server_name="gopls", requested_version=""
[INFO  Sun Jan  9 23:12:36 2022] ...-installer/lua/nvim-lsp-installer/ui/status-win/init.lua:683: Installation completed server_name="gopls", success=false
[INFO  Sun Jan  9 23:14:19 2022] ...-installer/lua/nvim-lsp-installer/ui/status-win/init.lua:664: Starting install server_name="gopls", requested_version=""
[INFO  Sun Jan  9 23:14:19 2022] ...-installer/lua/nvim-lsp-installer/ui/status-win/init.lua:683: Installation completed server_name="gopls", success=false
[INFO  Sun Jan  9 23:16:37 2022] ...-installer/lua/nvim-lsp-installer/ui/status-win/init.lua:664: Starting install server_name="gopls", requested_version=""
[INFO  Sun Jan  9 23:16:37 2022] ...-installer/lua/nvim-lsp-installer/ui/status-win/init.lua:683: Installation completed server_name="gopls", success=false
[INFO  Mon Jan 10 00:26:18 2022] ...-installer/lua/nvim-lsp-installer/ui/status-win/init.lua:664: Starting install server_name="gopls", requested_version=""
[INFO  Mon Jan 10 00:26:18 2022] ...-installer/lua/nvim-lsp-installer/ui/status-win/init.lua:683: Installation completed server_name="gopls", success=false
[INFO  Mon Jan 10 00:29:17 2022] ...-installer/lua/nvim-lsp-installer/ui/status-win/init.lua:664: Starting install server_name="gopls", requested_version=""
[INFO  Mon Jan 10 00:29:17 2022] ...-installer/lua/nvim-lsp-installer/ui/status-win/init.lua:683: Installation completed server_name="gopls", success=false
[INFO  Mon Jan 10 00:34:04 2022] ...-installer/lua/nvim-lsp-installer/ui/status-win/init.lua:664: Starting install server_name="gopls", requested_version=""
[INFO  Mon Jan 10 00:34:04 2022] ...-installer/lua/nvim-lsp-installer/ui/status-win/init.lua:683: Installation completed server_name="gopls", success=false
[INFO  Mon Jan 10 00:35:09 2022] ...-installer/lua/nvim-lsp-installer/ui/status-win/init.lua:664: Starting install server_name="gopls", requested_version=""
[INFO  Mon Jan 10 00:35:09 2022] ...-installer/lua/nvim-lsp-installer/ui/status-win/init.lua:683: Installation completed server_name="gopls", success=false
[INFO  Mon Jan 10 00:36:01 2022] ...-installer/lua/nvim-lsp-installer/ui/status-win/init.lua:664: Starting install server_name="gopls", requested_version=""
[INFO  Mon Jan 10 00:36:01 2022] ...-installer/lua/nvim-lsp-installer/ui/status-win/init.lua:683: Installation completed server_name="gopls", success=false
[INFO  Mon Jan 10 00:36:16 2022] ...-installer/lua/nvim-lsp-installer/ui/status-win/init.lua:664: Starting install server_name="gopls", requested_version=""
[INFO  Mon Jan 10 00:36:16 2022] ...-installer/lua/nvim-lsp-installer/ui/status-win/init.lua:683: Installation completed server_name="gopls", success=false
[INFO  Mon Jan 10 00:36:29 2022] ...-installer/lua/nvim-lsp-installer/ui/status-win/init.lua:664: Starting install server_name="gopls", requested_version=""
[INFO  Mon Jan 10 00:36:29 2022] ...-installer/lua/nvim-lsp-installer/ui/status-win/init.lua:683: Installation completed server_name="gopls", success=false
